<?xml version="1.0" encoding="UTF-8"?>
<testsuite xmlns:xsi="http://www.w3.org/2001/XMLSchema-instance" xsi:schemaLocation="https://maven.apache.org/surefire/maven-surefire-plugin/xsd/surefire-test-report.xsd" name="TestSuite" time="29.91" tests="2" errors="0" skipped="0" failures="0">
  <properties>
[...]
</properties>
  <testcase name="openChrome" classname="com.selenium.demo.day01.OpenBrowerse" time="17.283"/>
  <testcase name="openFifox" classname="com.selenium.demo.day01.OpenBrowerse" time="27.64"/>
</testsuite>